{"numFailedTestSuites":1,"numFailedTests":2,"numPassedTestSuites":0,"numPassedTests":0,"numPendingTestSuites":0,"numPendingTests":0,"numRuntimeErrorTestSuites":0,"numTodoTests":0,"numTotalTestSuites":1,"numTotalTests":2,"openHandles":[],"snapshot":{"added":0,"didUpdate":false,"failure":false,"filesAdded":0,"filesRemoved":0,"filesRemovedList":[],"filesUnmatched":0,"filesUpdated":0,"matched":0,"total":0,"unchecked":0,"uncheckedKeysByFile":[],"unmatched":0,"updated":0},"startTime":1773863089393,"success":false,"testResults":[{"assertionResults":[{"ancestorTitles":["SubscriptionEventsListener"],"duration":10,"failing":false,"failureDetails":[{"type":"SubscriptionEventsListener","context":{"index":0,"dependencies":["BullQueue_webhooks"],"name":"BullQueue_webhooks"},"metadata":{"id":"8258acb31139ca11bf9ee"},"moduleRef":{"id":"a616f4e6478258acb3113"}}],"failureMessages":["Error: Nest can't resolve dependencies of the SubscriptionEventsListener (?). Please make sure that the argument \"BullQueue_webhooks\" at index [0] is available in the RootTestModule module.\n\nPotential solutions:\n- Is RootTestModule a valid NestJS module?\n- If \"BullQueue_webhooks\" is a provider, is it part of the current RootTestModule?\n- If \"BullQueue_webhooks\" is exported from a separate @Module, is that module imported within RootTestModule?\n  @Module({\n    imports: [ /* the Module containing \"BullQueue_webhooks\" */ ]\n  })\n\nFor more common dependency resolution issues, see: https://docs.nestjs.com/faq/common-errors\n    at TestingInjector.lookupComponentInParentModules (A:\\Projetos\\Mohamed\\node_modules\\.pnpm\\@nestjs+core@11.1.16_@nestj_28373ffc0dd4ba6d0b9c40c76d0e75ba\\node_modules\\@nestjs\\core\\injector\\injector.js:290:19)\n    at TestingInjector.resolveComponentWrapper (A:\\Projetos\\Mohamed\\node_modules\\.pnpm\\@nestjs+testing@11.1.16_@ne_d8f4d9775158b3eb63ca4c361760e90c\\node_modules\\@nestjs\\testing\\testing-injector.js:19:45)\n    at resolveParam (A:\\Projetos\\Mohamed\\node_modules\\.pnpm\\@nestjs+core@11.1.16_@nestj_28373ffc0dd4ba6d0b9c40c76d0e75ba\\node_modules\\@nestjs\\core\\injector\\injector.js:140:38)\n    at async Promise.all (index 0)\n    at TestingInjector.resolveConstructorParams (A:\\Projetos\\Mohamed\\node_modules\\.pnpm\\@nestjs+core@11.1.16_@nestj_28373ffc0dd4ba6d0b9c40c76d0e75ba\\node_modules\\@nestjs\\core\\injector\\injector.js:169:27)\n    at TestingInjector.loadInstance (A:\\Projetos\\Mohamed\\node_modules\\.pnpm\\@nestjs+core@11.1.16_@nestj_28373ffc0dd4ba6d0b9c40c76d0e75ba\\node_modules\\@nestjs\\core\\injector\\injector.js:75:13)\n    at TestingInjector.loadProvider (A:\\Projetos\\Mohamed\\node_modules\\.pnpm\\@nestjs+core@11.1.16_@nestj_28373ffc0dd4ba6d0b9c40c76d0e75ba\\node_modules\\@nestjs\\core\\injector\\injector.js:103:9)\n    at A:\\Projetos\\Mohamed\\node_modules\\.pnpm\\@nestjs+core@11.1.16_@nestj_28373ffc0dd4ba6d0b9c40c76d0e75ba\\node_modules\\@nestjs\\core\\injector\\instance-loader.js:56:13\n    at async Promise.all (index 3)\n    at TestingInstanceLoader.createInstancesOfProviders (A:\\Projetos\\Mohamed\\node_modules\\.pnpm\\@nestjs+core@11.1.16_@nestj_28373ffc0dd4ba6d0b9c40c76d0e75ba\\node_modules\\@nestjs\\core\\injector\\instance-loader.js:55:9)\n    at A:\\Projetos\\Mohamed\\node_modules\\.pnpm\\@nestjs+core@11.1.16_@nestj_28373ffc0dd4ba6d0b9c40c76d0e75ba\\node_modules\\@nestjs\\core\\injector\\instance-loader.js:40:13\n    at async Promise.all (index 1)\n    at TestingInstanceLoader.createInstances (A:\\Projetos\\Mohamed\\node_modules\\.pnpm\\@nestjs+core@11.1.16_@nestj_28373ffc0dd4ba6d0b9c40c76d0e75ba\\node_modules\\@nestjs\\core\\injector\\instance-loader.js:39:9)\n    at TestingInstanceLoader.createInstancesOfDependencies (A:\\Projetos\\Mohamed\\node_modules\\.pnpm\\@nestjs+core@11.1.16_@nestj_28373ffc0dd4ba6d0b9c40c76d0e75ba\\node_modules\\@nestjs\\core\\injector\\instance-loader.js:22:13)\n    at TestingInstanceLoader.createInstancesOfDependencies (A:\\Projetos\\Mohamed\\node_modules\\.pnpm\\@nestjs+testing@11.1.16_@ne_d8f4d9775158b3eb63ca4c361760e90c\\node_modules\\@nestjs\\testing\\testing-instance-loader.js:9:9)\n    at TestingModuleBuilder.createInstancesOfDependencies (A:\\Projetos\\Mohamed\\node_modules\\.pnpm\\@nestjs+testing@11.1.16_@ne_d8f4d9775158b3eb63ca4c361760e90c\\node_modules\\@nestjs\\testing\\testing-module.builder.js:118:9)\n    at TestingModuleBuilder.compile (A:\\Projetos\\Mohamed\\node_modules\\.pnpm\\@nestjs+testing@11.1.16_@ne_d8f4d9775158b3eb63ca4c361760e90c\\node_modules\\@nestjs\\testing\\testing-module.builder.js:74:9)\n    at Object.<anonymous> (A:\\Projetos\\Mohamed\\apps\\api\\src\\subscriptions\\listeners\\subscription-events.listener.spec.ts:14:35)"],"fullName":"SubscriptionEventsListener should be defined","invocations":1,"location":null,"numPassingAsserts":0,"retryReasons":[],"startAt":1773863090692,"status":"failed","title":"should be defined"},{"ancestorTitles":["SubscriptionEventsListener"],"duration":1,"failing":false,"failureDetails":[{"type":"SubscriptionEventsListener","context":{"index":0,"dependencies":["BullQueue_webhooks"],"name":"BullQueue_webhooks"},"metadata":{"id":"d9176a8245e0573edb4db"},"moduleRef":{"id":"ca11bf9eebd9176a8245e"}}],"failureMessages":["Error: Nest can't resolve dependencies of the SubscriptionEventsListener (?). Please make sure that the argument \"BullQueue_webhooks\" at index [0] is available in the RootTestModule module.\n\nPotential solutions:\n- Is RootTestModule a valid NestJS module?\n- If \"BullQueue_webhooks\" is a provider, is it part of the current RootTestModule?\n- If \"BullQueue_webhooks\" is exported from a separate @Module, is that module imported within RootTestModule?\n  @Module({\n    imports: [ /* the Module containing \"BullQueue_webhooks\" */ ]\n  })\n\nFor more common dependency resolution issues, see: https://docs.nestjs.com/faq/common-errors\n    at TestingInjector.lookupComponentInParentModules (A:\\Projetos\\Mohamed\\node_modules\\.pnpm\\@nestjs+core@11.1.16_@nestj_28373ffc0dd4ba6d0b9c40c76d0e75ba\\node_modules\\@nestjs\\core\\injector\\injector.js:290:19)\n    at TestingInjector.resolveComponentWrapper (A:\\Projetos\\Mohamed\\node_modules\\.pnpm\\@nestjs+testing@11.1.16_@ne_d8f4d9775158b3eb63ca4c361760e90c\\node_modules\\@nestjs\\testing\\testing-injector.js:19:45)\n    at resolveParam (A:\\Projetos\\Mohamed\\node_modules\\.pnpm\\@nestjs+core@11.1.16_@nestj_28373ffc0dd4ba6d0b9c40c76d0e75ba\\node_modules\\@nestjs\\core\\injector\\injector.js:140:38)\n    at async Promise.all (index 0)\n    at TestingInjector.resolveConstructorParams (A:\\Projetos\\Mohamed\\node_modules\\.pnpm\\@nestjs+core@11.1.16_@nestj_28373ffc0dd4ba6d0b9c40c76d0e75ba\\node_modules\\@nestjs\\core\\injector\\injector.js:169:27)\n    at TestingInjector.loadInstance (A:\\Projetos\\Mohamed\\node_modules\\.pnpm\\@nestjs+core@11.1.16_@nestj_28373ffc0dd4ba6d0b9c40c76d0e75ba\\node_modules\\@nestjs\\core\\injector\\injector.js:75:13)\n    at TestingInjector.loadProvider (A:\\Projetos\\Mohamed\\node_modules\\.pnpm\\@nestjs+core@11.1.16_@nestj_28373ffc0dd4ba6d0b9c40c76d0e75ba\\node_modules\\@nestjs\\core\\injector\\injector.js:103:9)\n    at A:\\Projetos\\Mohamed\\node_modules\\.pnpm\\@nestjs+core@11.1.16_@nestj_28373ffc0dd4ba6d0b9c40c76d0e75ba\\node_modules\\@nestjs\\core\\injector\\instance-loader.js:56:13\n    at async Promise.all (index 3)\n    at TestingInstanceLoader.createInstancesOfProviders (A:\\Projetos\\Mohamed\\node_modules\\.pnpm\\@nestjs+core@11.1.16_@nestj_28373ffc0dd4ba6d0b9c40c76d0e75ba\\node_modules\\@nestjs\\core\\injector\\instance-loader.js:55:9)\n    at A:\\Projetos\\Mohamed\\node_modules\\.pnpm\\@nestjs+core@11.1.16_@nestj_28373ffc0dd4ba6d0b9c40c76d0e75ba\\node_modules\\@nestjs\\core\\injector\\instance-loader.js:40:13\n    at async Promise.all (index 1)\n    at TestingInstanceLoader.createInstances (A:\\Projetos\\Mohamed\\node_modules\\.pnpm\\@nestjs+core@11.1.16_@nestj_28373ffc0dd4ba6d0b9c40c76d0e75ba\\node_modules\\@nestjs\\core\\injector\\instance-loader.js:39:9)\n    at TestingInstanceLoader.createInstancesOfDependencies (A:\\Projetos\\Mohamed\\node_modules\\.pnpm\\@nestjs+core@11.1.16_@nestj_28373ffc0dd4ba6d0b9c40c76d0e75ba\\node_modules\\@nestjs\\core\\injector\\instance-loader.js:22:13)\n    at TestingInstanceLoader.createInstancesOfDependencies (A:\\Projetos\\Mohamed\\node_modules\\.pnpm\\@nestjs+testing@11.1.16_@ne_d8f4d9775158b3eb63ca4c361760e90c\\node_modules\\@nestjs\\testing\\testing-instance-loader.js:9:9)\n    at TestingModuleBuilder.createInstancesOfDependencies (A:\\Projetos\\Mohamed\\node_modules\\.pnpm\\@nestjs+testing@11.1.16_@ne_d8f4d9775158b3eb63ca4c361760e90c\\node_modules\\@nestjs\\testing\\testing-module.builder.js:118:9)\n    at TestingModuleBuilder.compile (A:\\Projetos\\Mohamed\\node_modules\\.pnpm\\@nestjs+testing@11.1.16_@ne_d8f4d9775158b3eb63ca4c361760e90c\\node_modules\\@nestjs\\testing\\testing-module.builder.js:74:9)\n    at Object.<anonymous> (A:\\Projetos\\Mohamed\\apps\\api\\src\\subscriptions\\listeners\\subscription-events.listener.spec.ts:14:35)"],"fullName":"SubscriptionEventsListener should enqueue a job when webhook received","invocations":1,"location":null,"numPassingAsserts":0,"retryReasons":[],"startAt":1773863090708,"status":"failed","title":"should enqueue a job when webhook received"}],"endTime":1773863090723,"message":"\u001b[1m\u001b[31m  \u001b[1m● \u001b[22m\u001b[1mSubscriptionEventsListener › should be defined\u001b[39m\u001b[22m\n\n    Nest can't resolve dependencies of the SubscriptionEventsListener (?). Please make sure that the argument \"BullQueue_webhooks\" at index [0] is available in the RootTestModule module.\n\n    Potential solutions:\n    - Is RootTestModule a valid NestJS module?\n    - If \"BullQueue_webhooks\" is a provider, is it part of the current RootTestModule?\n    - If \"BullQueue_webhooks\" is exported from a separate @Module, is that module imported within RootTestModule?\n      @Module({\n        imports: [ /* the Module containing \"BullQueue_webhooks\" */ ]\n      })\n\n    For more common dependency resolution issues, see: https://docs.nestjs.com/faq/common-errors\n\u001b[2m\u001b[22m\n\u001b[2m    \u001b[0m \u001b[90m 12 |\u001b[39m     }\u001b[33m;\u001b[39m\u001b[22m\n\u001b[2m     \u001b[90m 13 |\u001b[39m\u001b[22m\n\u001b[2m    \u001b[31m\u001b[1m>\u001b[22m\u001b[2m\u001b[39m\u001b[90m 14 |\u001b[39m     \u001b[36mconst\u001b[39m module\u001b[33m:\u001b[39m \u001b[33mTestingModule\u001b[39m \u001b[33m=\u001b[39m \u001b[36mawait\u001b[39m \u001b[33mTest\u001b[39m\u001b[33m.\u001b[39mcreateTestingModule({\u001b[22m\n\u001b[2m     \u001b[90m    |\u001b[39m                                   \u001b[31m\u001b[1m^\u001b[22m\u001b[2m\u001b[39m\u001b[22m\n\u001b[2m     \u001b[90m 15 |\u001b[39m       providers\u001b[33m:\u001b[39m [\u001b[22m\n\u001b[2m     \u001b[90m 16 |\u001b[39m         \u001b[33mSubscriptionEventsListener\u001b[39m\u001b[33m,\u001b[39m\u001b[22m\n\u001b[2m     \u001b[90m 17 |\u001b[39m         {\u001b[0m\u001b[22m\n\u001b[2m\u001b[22m\n\u001b[2m      \u001b[2mat TestingInjector.lookupComponentInParentModules (\u001b[22m\u001b[2m../../../node_modules/.pnpm/@nestjs+core@11.1.16_@nestj_28373ffc0dd4ba6d0b9c40c76d0e75ba/node_modules/@nestjs/core/injector/injector.js\u001b[2m:290:19)\u001b[22m\u001b[2m\u001b[22m\n\u001b[2m      \u001b[2mat TestingInjector.resolveComponentWrapper (\u001b[22m\u001b[2m../../../node_modules/.pnpm/@nestjs+testing@11.1.16_@ne_d8f4d9775158b3eb63ca4c361760e90c/node_modules/@nestjs/testing/testing-injector.js\u001b[2m:19:45)\u001b[22m\u001b[2m\u001b[22m\n\u001b[2m      \u001b[2mat resolveParam (\u001b[22m\u001b[2m../../../node_modules/.pnpm/@nestjs+core@11.1.16_@nestj_28373ffc0dd4ba6d0b9c40c76d0e75ba/node_modules/@nestjs/core/injector/injector.js\u001b[2m:140:38)\u001b[22m\u001b[2m\u001b[22m\n\u001b[2m          at async Promise.all (index 0)\u001b[22m\n\u001b[2m      \u001b[2mat TestingInjector.resolveConstructorParams (\u001b[22m\u001b[2m../../../node_modules/.pnpm/@nestjs+core@11.1.16_@nestj_28373ffc0dd4ba6d0b9c40c76d0e75ba/node_modules/@nestjs/core/injector/injector.js\u001b[2m:169:27)\u001b[22m\u001b[2m\u001b[22m\n\u001b[2m      \u001b[2mat TestingInjector.loadInstance (\u001b[22m\u001b[2m../../../node_modules/.pnpm/@nestjs+core@11.1.16_@nestj_28373ffc0dd4ba6d0b9c40c76d0e75ba/node_modules/@nestjs/core/injector/injector.js\u001b[2m:75:13)\u001b[22m\u001b[2m\u001b[22m\n\u001b[2m      \u001b[2mat TestingInjector.loadProvider (\u001b[22m\u001b[2m../../../node_modules/.pnpm/@nestjs+core@11.1.16_@nestj_28373ffc0dd4ba6d0b9c40c76d0e75ba/node_modules/@nestjs/core/injector/injector.js\u001b[2m:103:9)\u001b[22m\u001b[2m\u001b[22m\n\u001b[2m      \u001b[2mat \u001b[22m\u001b[2m../../../node_modules/.pnpm/@nestjs+core@11.1.16_@nestj_28373ffc0dd4ba6d0b9c40c76d0e75ba/node_modules/@nestjs/core/injector/instance-loader.js\u001b[2m:56:13\u001b[22m\u001b[2m\u001b[22m\n\u001b[2m          at async Promise.all (index 3)\u001b[22m\n\u001b[2m      \u001b[2mat TestingInstanceLoader.createInstancesOfProviders (\u001b[22m\u001b[2m../../../node_modules/.pnpm/@nestjs+core@11.1.16_@nestj_28373ffc0dd4ba6d0b9c40c76d0e75ba/node_modules/@nestjs/core/injector/instance-loader.js\u001b[2m:55:9)\u001b[22m\u001b[2m\u001b[22m\n\u001b[2m      \u001b[2mat \u001b[22m\u001b[2m../../../node_modules/.pnpm/@nestjs+core@11.1.16_@nestj_28373ffc0dd4ba6d0b9c40c76d0e75ba/node_modules/@nestjs/core/injector/instance-loader.js\u001b[2m:40:13\u001b[22m\u001b[2m\u001b[22m\n\u001b[2m          at async Promise.all (index 1)\u001b[22m\n\u001b[2m      \u001b[2mat TestingInstanceLoader.createInstances (\u001b[22m\u001b[2m../../../node_modules/.pnpm/@nestjs+core@11.1.16_@nestj_28373ffc0dd4ba6d0b9c40c76d0e75ba/node_modules/@nestjs/core/injector/instance-loader.js\u001b[2m:39:9)\u001b[22m\u001b[2m\u001b[22m\n\u001b[2m      \u001b[2mat TestingInstanceLoader.createInstancesOfDependencies (\u001b[22m\u001b[2m../../../node_modules/.pnpm/@nestjs+core@11.1.16_@nestj_28373ffc0dd4ba6d0b9c40c76d0e75ba/node_modules/@nestjs/core/injector/instance-loader.js\u001b[2m:22:13)\u001b[22m\u001b[2m\u001b[22m\n\u001b[2m      \u001b[2mat TestingInstanceLoader.createInstancesOfDependencies (\u001b[22m\u001b[2m../../../node_modules/.pnpm/@nestjs+testing@11.1.16_@ne_d8f4d9775158b3eb63ca4c361760e90c/node_modules/@nestjs/testing/testing-instance-loader.js\u001b[2m:9:9)\u001b[22m\u001b[2m\u001b[22m\n\u001b[2m      \u001b[2mat TestingModuleBuilder.createInstancesOfDependencies (\u001b[22m\u001b[2m../../../node_modules/.pnpm/@nestjs+testing@11.1.16_@ne_d8f4d9775158b3eb63ca4c361760e90c/node_modules/@nestjs/testing/testing-module.builder.js\u001b[2m:118:9)\u001b[22m\u001b[2m\u001b[22m\n\u001b[2m      \u001b[2mat TestingModuleBuilder.compile (\u001b[22m\u001b[2m../../../node_modules/.pnpm/@nestjs+testing@11.1.16_@ne_d8f4d9775158b3eb63ca4c361760e90c/node_modules/@nestjs/testing/testing-module.builder.js\u001b[2m:74:9)\u001b[22m\u001b[2m\u001b[22m\n\u001b[2m      \u001b[2mat Object.<anonymous> (\u001b[22m\u001b[2m\u001b[0m\u001b[36msubscriptions/listeners/subscription-events.listener.spec.ts\u001b[39m\u001b[0m\u001b[2m:14:35)\u001b[22m\u001b[2m\u001b[22m\n\n\u001b[1m\u001b[31m  \u001b[1m● \u001b[22m\u001b[1mSubscriptionEventsListener › should enqueue a job when webhook received\u001b[39m\u001b[22m\n\n    Nest can't resolve dependencies of the SubscriptionEventsListener (?). Please make sure that the argument \"BullQueue_webhooks\" at index [0] is available in the RootTestModule module.\n\n    Potential solutions:\n    - Is RootTestModule a valid NestJS module?\n    - If \"BullQueue_webhooks\" is a provider, is it part of the current RootTestModule?\n    - If \"BullQueue_webhooks\" is exported from a separate @Module, is that module imported within RootTestModule?\n      @Module({\n        imports: [ /* the Module containing \"BullQueue_webhooks\" */ ]\n      })\n\n    For more common dependency resolution issues, see: https://docs.nestjs.com/faq/common-errors\n\u001b[2m\u001b[22m\n\u001b[2m    \u001b[0m \u001b[90m 12 |\u001b[39m     }\u001b[33m;\u001b[39m\u001b[22m\n\u001b[2m     \u001b[90m 13 |\u001b[39m\u001b[22m\n\u001b[2m    \u001b[31m\u001b[1m>\u001b[22m\u001b[2m\u001b[39m\u001b[90m 14 |\u001b[39m     \u001b[36mconst\u001b[39m module\u001b[33m:\u001b[39m \u001b[33mTestingModule\u001b[39m \u001b[33m=\u001b[39m \u001b[36mawait\u001b[39m \u001b[33mTest\u001b[39m\u001b[33m.\u001b[39mcreateTestingModule({\u001b[22m\n\u001b[2m     \u001b[90m    |\u001b[39m                                   \u001b[31m\u001b[1m^\u001b[22m\u001b[2m\u001b[39m\u001b[22m\n\u001b[2m     \u001b[90m 15 |\u001b[39m       providers\u001b[33m:\u001b[39m [\u001b[22m\n\u001b[2m     \u001b[90m 16 |\u001b[39m         \u001b[33mSubscriptionEventsListener\u001b[39m\u001b[33m,\u001b[39m\u001b[22m\n\u001b[2m     \u001b[90m 17 |\u001b[39m         {\u001b[0m\u001b[22m\n\u001b[2m\u001b[22m\n\u001b[2m      \u001b[2mat TestingInjector.lookupComponentInParentModules (\u001b[22m\u001b[2m../../../node_modules/.pnpm/@nestjs+core@11.1.16_@nestj_28373ffc0dd4ba6d0b9c40c76d0e75ba/node_modules/@nestjs/core/injector/injector.js\u001b[2m:290:19)\u001b[22m\u001b[2m\u001b[22m\n\u001b[2m      \u001b[2mat TestingInjector.resolveComponentWrapper (\u001b[22m\u001b[2m../../../node_modules/.pnpm/@nestjs+testing@11.1.16_@ne_d8f4d9775158b3eb63ca4c361760e90c/node_modules/@nestjs/testing/testing-injector.js\u001b[2m:19:45)\u001b[22m\u001b[2m\u001b[22m\n\u001b[2m      \u001b[2mat resolveParam (\u001b[22m\u001b[2m../../../node_modules/.pnpm/@nestjs+core@11.1.16_@nestj_28373ffc0dd4ba6d0b9c40c76d0e75ba/node_modules/@nestjs/core/injector/injector.js\u001b[2m:140:38)\u001b[22m\u001b[2m\u001b[22m\n\u001b[2m          at async Promise.all (index 0)\u001b[22m\n\u001b[2m      \u001b[2mat TestingInjector.resolveConstructorParams (\u001b[22m\u001b[2m../../../node_modules/.pnpm/@nestjs+core@11.1.16_@nestj_28373ffc0dd4ba6d0b9c40c76d0e75ba/node_modules/@nestjs/core/injector/injector.js\u001b[2m:169:27)\u001b[22m\u001b[2m\u001b[22m\n\u001b[2m      \u001b[2mat TestingInjector.loadInstance (\u001b[22m\u001b[2m../../../node_modules/.pnpm/@nestjs+core@11.1.16_@nestj_28373ffc0dd4ba6d0b9c40c76d0e75ba/node_modules/@nestjs/core/injector/injector.js\u001b[2m:75:13)\u001b[22m\u001b[2m\u001b[22m\n\u001b[2m      \u001b[2mat TestingInjector.loadProvider (\u001b[22m\u001b[2m../../../node_modules/.pnpm/@nestjs+core@11.1.16_@nestj_28373ffc0dd4ba6d0b9c40c76d0e75ba/node_modules/@nestjs/core/injector/injector.js\u001b[2m:103:9)\u001b[22m\u001b[2m\u001b[22m\n\u001b[2m      \u001b[2mat \u001b[22m\u001b[2m../../../node_modules/.pnpm/@nestjs+core@11.1.16_@nestj_28373ffc0dd4ba6d0b9c40c76d0e75ba/node_modules/@nestjs/core/injector/instance-loader.js\u001b[2m:56:13\u001b[22m\u001b[2m\u001b[22m\n\u001b[2m          at async Promise.all (index 3)\u001b[22m\n\u001b[2m      \u001b[2mat TestingInstanceLoader.createInstancesOfProviders (\u001b[22m\u001b[2m../../../node_modules/.pnpm/@nestjs+core@11.1.16_@nestj_28373ffc0dd4ba6d0b9c40c76d0e75ba/node_modules/@nestjs/core/injector/instance-loader.js\u001b[2m:55:9)\u001b[22m\u001b[2m\u001b[22m\n\u001b[2m      \u001b[2mat \u001b[22m\u001b[2m../../../node_modules/.pnpm/@nestjs+core@11.1.16_@nestj_28373ffc0dd4ba6d0b9c40c76d0e75ba/node_modules/@nestjs/core/injector/instance-loader.js\u001b[2m:40:13\u001b[22m\u001b[2m\u001b[22m\n\u001b[2m          at async Promise.all (index 1)\u001b[22m\n\u001b[2m      \u001b[2mat TestingInstanceLoader.createInstances (\u001b[22m\u001b[2m../../../node_modules/.pnpm/@nestjs+core@11.1.16_@nestj_28373ffc0dd4ba6d0b9c40c76d0e75ba/node_modules/@nestjs/core/injector/instance-loader.js\u001b[2m:39:9)\u001b[22m\u001b[2m\u001b[22m\n\u001b[2m      \u001b[2mat TestingInstanceLoader.createInstancesOfDependencies (\u001b[22m\u001b[2m../../../node_modules/.pnpm/@nestjs+core@11.1.16_@nestj_28373ffc0dd4ba6d0b9c40c76d0e75ba/node_modules/@nestjs/core/injector/instance-loader.js\u001b[2m:22:13)\u001b[22m\u001b[2m\u001b[22m\n\u001b[2m      \u001b[2mat TestingInstanceLoader.createInstancesOfDependencies (\u001b[22m\u001b[2m../../../node_modules/.pnpm/@nestjs+testing@11.1.16_@ne_d8f4d9775158b3eb63ca4c361760e90c/node_modules/@nestjs/testing/testing-instance-loader.js\u001b[2m:9:9)\u001b[22m\u001b[2m\u001b[22m\n\u001b[2m      \u001b[2mat TestingModuleBuilder.createInstancesOfDependencies (\u001b[22m\u001b[2m../../../node_modules/.pnpm/@nestjs+testing@11.1.16_@ne_d8f4d9775158b3eb63ca4c361760e90c/node_modules/@nestjs/testing/testing-module.builder.js\u001b[2m:118:9)\u001b[22m\u001b[2m\u001b[22m\n\u001b[2m      \u001b[2mat TestingModuleBuilder.compile (\u001b[22m\u001b[2m../../../node_modules/.pnpm/@nestjs+testing@11.1.16_@ne_d8f4d9775158b3eb63ca4c361760e90c/node_modules/@nestjs/testing/testing-module.builder.js\u001b[2m:74:9)\u001b[22m\u001b[2m\u001b[22m\n\u001b[2m      \u001b[2mat Object.<anonymous> (\u001b[22m\u001b[2m\u001b[0m\u001b[36msubscriptions/listeners/subscription-events.listener.spec.ts\u001b[39m\u001b[0m\u001b[2m:14:35)\u001b[22m\u001b[2m\u001b[22m\n","name":"A:\\Projetos\\Mohamed\\apps\\api\\src\\subscriptions\\listeners\\subscription-events.listener.spec.ts","startTime":1773863089682,"status":"failed","summary":""}],"wasInterrupted":false}
